<?xml version="1.0" encoding="utf-8"?><testsuites><testsuite name="pytest" errors="0" failures="2" skipped="0" tests="55" time="1.707" timestamp="2025-03-09T02:18:44.720843+01:00" hostname="Tatianas-MacBook-Pro.local"><testcase classname="tests.test_command.TestCommand" name="test_minification_from_stdin" file="tests/test_command.py" line="40" time="0.305" /><testcase classname="tests.test_command.TestCommand" name="test_minification_from_file" file="tests/test_command.py" line="50" time="0.289" /><testcase classname="tests.test_decorator.TestDecorator" name="test_html_minification" file="tests/test_decorator.py" line="41" time="0.002" /><testcase classname="tests.test_decorator.TestDecorator" name="test_html_minification_no_options" file="tests/test_decorator.py" line="46" time="0.001" /><testcase classname="tests.test_escape.TestEscapeAttributes" name="test_simple_attribute" file="tests/test_escape.py" line="46" time="0.001" /><testcase classname="tests.test_escape.TestEscapeAttributes" name="test_double_quote" file="tests/test_escape.py" line="49" time="0.001" /><testcase classname="tests.test_escape.TestEscapeAttributes" name="test_single_quote" file="tests/test_escape.py" line="52" time="0.001" /><testcase classname="tests.test_escape.TestEscapeAttributes" name="test_quote_space" file="tests/test_escape.py" line="55" time="0.001" /><testcase classname="tests.test_escape.TestEscapeAttributes" name="test_quote_unsafe_chars" file="tests/test_escape.py" line="62" time="0.001" /><testcase classname="tests.test_escape.TestEscapeAttributes" name="test_force_double_quote" file="tests/test_escape.py" line="67" time="0.001" /><testcase classname="tests.test_escape.TestEscapeAttributes" name="test_both_quotes" file="tests/test_escape.py" line="72" time="0.001" /><testcase classname="tests.test_escape.TestEscapeAttributes" name="test_ampersand_char_ref" file="tests/test_escape.py" line="77" time="0.001" /><testcase classname="tests.test_escape.TestEscapeAttributes" name="test_multi_ampersand_char_ref" file="tests/test_escape.py" line="80" time="0.001" /><testcase classname="tests.test_escape.TestEscapeAttributes" name="test_ampersand_decimal" file="tests/test_escape.py" line="86" time="0.001" /><testcase classname="tests.test_escape.TestEscapeAttributes" name="test_ampersand_non_decimal" file="tests/test_escape.py" line="89" time="0.001" /><testcase classname="tests.test_escape.TestEscapeAttributes" name="test_ampersand_hex" file="tests/test_escape.py" line="92" time="0.001" /><testcase classname="tests.test_escape.TestEscapeAttributes" name="test_ampersand_nonhex" file="tests/test_escape.py" line="95" time="0.001" /><testcase classname="tests.test_escape.TestEscapeAttributes" name="test_proper_char_refs" file="tests/test_escape.py" line="98" time="0.001" /><testcase classname="tests.test_others.TestMinifyFunction" name="test_basic_minification_quality" file="tests/test_others.py" line="365" time="0.570"><failure message="OSError: pytest: reading from stdin while output is captured!  Consider using `-s`.">self = &lt;tests.test_others.TestMinifyFunction object at 0x10e0a8910&gt;

    def test_basic_minification_quality(self):
        import codecs
        import ipdb
        import os
&gt;       ipdb.set_trace()

tests/test_others.py:370:
_ _ _ _ _ _ _ _ _ _ _ _ _ _ _ _ _ _ _ _ _ _ _ _ _ _ _ _ _ _ _ _ _ _ _ _ _ _ _ _ _ _ _ _ _ _ _ _ _ _ _ _ _ _ _ _ _ _ _ _ _ _ _ _ _ _ _ _ _ _ _ _ _ _ _ _ _ _ _ _ _ _ _ _ _ _ _ _ _ _ _ _ _ _ _ _ _ _ _ _ _ _ _ _
/Library/Frameworks/Python.framework/Versions/3.13/lib/python3.13/bdb.py:116: in trace_dispatch
    return self.dispatch_opcode(frame, arg)
/Library/Frameworks/Python.framework/Versions/3.13/lib/python3.13/bdb.py:215: in dispatch_opcode
    self.user_opcode(frame)
/Library/Frameworks/Python.framework/Versions/3.13/lib/python3.13/pdb.py:448: in user_line
    self.interaction(frame, None)
.venv/lib/python3.13/site-packages/IPython/core/debugger.py:494: in interaction
    OldPdb.interaction(self, frame, tb_or_exc)
/Library/Frameworks/Python.framework/Versions/3.13/lib/python3.13/pdb.py:625: in interaction
    self._cmdloop()
/Library/Frameworks/Python.framework/Versions/3.13/lib/python3.13/pdb.py:511: in _cmdloop
    self.cmdloop()
/Library/Frameworks/Python.framework/Versions/3.13/lib/python3.13/cmd.py:134: in cmdloop
    line = input(self.prompt)
_ _ _ _ _ _ _ _ _ _ _ _ _ _ _ _ _ _ _ _ _ _ _ _ _ _ _ _ _ _ _ _ _ _ _ _ _ _ _ _ _ _ _ _ _ _ _ _ _ _ _ _ _ _ _ _ _ _ _ _ _ _ _ _ _ _ _ _ _ _ _ _ _ _ _ _ _ _ _ _ _ _ _ _ _ _ _ _ _ _ _ _ _ _ _ _ _ _ _ _ _ _ _ _

self = &lt;_pytest.capture.DontReadFromInput object at 0x10d04cd70&gt;, size = -1

    def read(self, size: int = -1) -&gt; str:
&gt;       raise OSError(
            "pytest: reading from stdin while output is captured!  Consider using `-s`."
        )
E       OSError: pytest: reading from stdin while output is captured!  Consider using `-s`.

.venv/lib/python3.13/site-packages/_pytest/capture.py:227: OSError</failure></testcase><testcase classname="tests.test_others.TestMinifyFunction" name="test_high_minification_quality" file="tests/test_others.py" line="376" time="0.000"><failure message="FileNotFoundError: [Errno 2] No such file or directory: 'large_test.html'">self = &lt;tests.test_others.TestMinifyFunction object at 0x10e0aa710&gt;

    def test_high_minification_quality(self):
        import codecs
&gt;       with codecs.open("large_test.html", encoding="utf-8") as inpf:

tests/test_others.py:379:
_ _ _ _ _ _ _ _ _ _ _ _ _ _ _ _ _ _ _ _ _ _ _ _ _ _ _ _ _ _ _ _ _ _ _ _ _ _ _ _ _ _ _ _ _ _ _ _ _ _ _ _ _ _ _ _ _ _ _ _ _ _ _ _ _ _ _ _ _ _ _ _ _ _ _ _ _ _ _ _ _ _ _ _ _ _ _ _ _ _ _ _ _ _ _ _ _ _ _ _ _ _ _ _

filename = 'large_test.html', mode = 'rb', encoding = 'utf-8', errors = 'strict', buffering = -1

&gt;   ???
E   FileNotFoundError: [Errno 2] No such file or directory: 'large_test.html'

&lt;frozen codecs&gt;:921: FileNotFoundError</failure></testcase><testcase classname="tests.test_others.TestMinifierObject" name="test_reuse" file="tests/test_others.py" line="388" time="0.000" /><testcase classname="tests.test_others.TestMinifierObject" name="test_dangling_tag" file="tests/test_others.py" line="393" time="0.000" /><testcase classname="tests.test_others.TestMinifierObject" name="test_buffered_input" file="tests/test_others.py" line="402" time="0.000" /><testcase classname="tests.test_others.TestMinifyFeatures" name="test_remove_comments" file="tests/test_others.py" line="413" time="0.000" /><testcase classname="tests.test_others.TestMinifyFeatures" name="test_no_reduce_empty_attributes" file="tests/test_others.py" line="417" time="0.001" /><testcase classname="tests.test_others.TestMinifyFeatures" name="test_no_reduce_empty_attributes_keep_quotes" file="tests/test_others.py" line="421" time="0.000" /><testcase classname="tests.test_others.TestMinifyFeatures" name="test_reduce_empty_attributes" file="tests/test_others.py" line="432" time="0.000" /><testcase classname="tests.test_others.TestMinifyFeatures" name="test_reduce_boolean_attributes" file="tests/test_others.py" line="436" time="0.000" /><testcase classname="tests.test_others.TestMinifyFeatures" name="test_keep_comments" file="tests/test_others.py" line="440" time="0.000" /><testcase classname="tests.test_others.TestMinifyFeatures" name="test_keep_empty_comments" file="tests/test_others.py" line="444" time="0.000" /><testcase classname="tests.test_others.TestMinifyFeatures" name="test_keep_conditional_comments" file="tests/test_others.py" line="448" time="0.000" /><testcase classname="tests.test_others.TestMinifyFeatures" name="test_remove_nonconditional_comments" file="tests/test_others.py" line="452" time="0.001" /><testcase classname="tests.test_others.TestMinifyFeatures" name="test_keep_optional_attribute_quotes" file="tests/test_others.py" line="456" time="0.000" /><testcase classname="tests.test_others.TestMinifyFeatures" name="test_remove_optional_attribute_quotes" file="tests/test_others.py" line="462" time="0.000" /><testcase classname="tests.test_others.TestMinifyFeatures" name="test_keep_pre_attribute" file="tests/test_others.py" line="470" time="0.000" /><testcase classname="tests.test_others.TestMinifyFeatures" name="test_custom_pre_attribute" file="tests/test_others.py" line="474" time="0.000" /><testcase classname="tests.test_others.TestMinifyFeatures" name="test_keep_empty" file="tests/test_others.py" line="478" time="0.000" /><testcase classname="tests.test_others.TestMinifyFeatures" name="test_remove_empty" file="tests/test_others.py" line="482" time="0.000" /><testcase classname="tests.test_others.TestMinifyFeatures" name="test_remove_all_empty" file="tests/test_others.py" line="486" time="0.000" /><testcase classname="tests.test_others.TestMinifyFeatures" name="test_dont_minify_div" file="tests/test_others.py" line="490" time="0.000" /><testcase classname="tests.test_others.TestMinifyFeatures" name="test_minify_pre" file="tests/test_others.py" line="494" time="0.000" /><testcase classname="tests.test_others.TestMinifyFeatures" name="test_remove_head_spaces" file="tests/test_others.py" line="498" time="0.000" /><testcase classname="tests.test_others.TestMinifyFeatures" name="test_dont_minify_scripts_or_styles" file="tests/test_others.py" line="502" time="0.001" /><testcase classname="tests.test_others.TestMinifyFeatures" name="test_convert_charrefs_false" file="tests/test_others.py" line="506" time="0.000" /><testcase classname="tests.test_others.TestDecorator" name="test_direct_decorator" file="tests/test_others.py" line="520" time="0.000" /><testcase classname="tests.test_others.TestDecorator" name="test_options_decorator" file="tests/test_others.py" line="527" time="0.000" /><testcase classname="tests.test_others.TestMiddleware" name="test_middlware" file="tests/test_others.py" line="559" time="0.001" /><testcase classname="tests.test_others.TestMiddleware" name="test_middlware_minifier_options" file="tests/test_others.py" line="566" time="0.000" /><testcase classname="tests.test_others.TestMiddleware" name="test_middlware_off_by_default" file="tests/test_others.py" line="573" time="0.000" /><testcase classname="tests.test_others.TestMiddleware" name="test_middlware_on_by_header" file="tests/test_others.py" line="580" time="0.000" /><testcase classname="tests.test_others.TestMiddleware" name="test_middlware_off_by_header" file="tests/test_others.py" line="593" time="0.000" /><testcase classname="tests.test_others.TestMiddleware" name="test_middlware_remove_header" file="tests/test_others.py" line="606" time="0.000" /><testcase classname="tests.test_others.TestMiddleware" name="test_middlware_keep_header" file="tests/test_others.py" line="619" time="0.000" /><testcase classname="tests.test_parser.TestHTMLParser" name="test_simple_parser" file="tests/test_parser.py" line="68" time="0.001" /><testcase classname="tests.test_parser.TestHTMLParser" name="test_bogus_comment" file="tests/test_parser.py" line="72" time="0.001" /></testsuite></testsuites>
